# JRE version: Java(TM) SE Runtime Environment (17.0.12+8) (build 17.0.12+8-LTS-286)
# Java VM: Java HotSpot(TM) 64-Bit Server VM (17.0.12+8-LTS-286, mixed mode, sharing, tiered, compressed oops, compressed class ptrs, g1 gc, windows-amd64)
GC Precious Log:
 CPUs: 12 total, 12 available
 Memory: 16053M
 Large Page Support: Disabled
 NUMA Support: Disabled
 Compressed Oops: Enabled (Zero based)
 Heap Region Size: 2M
 Heap Min Capacity: 8M
 Heap Initial Capacity: 8M
 Heap Max Capacity: 4014M
 Pre-touch: Disabled
 Parallel Workers: 10
 Concurrent Workers: 3
 Concurrent Refinement Workers: 10
 Periodic GC: Disabled
Heap:
 garbage-first heap   total 28672K, used 10501K [0x0000000705200000, 0x0000000800000000)
  region size 2048K, 3 young (6144K), 1 survivors (2048K)
 Metaspace       used 9790K, committed 9984K, reserved 1114112K
  class space    used 1161K, committed 1280K, reserved 1048576K
GC Heap History (20 events):
Event: 0.125 GC heap before
{Heap before GC invocations=0 (full 0):
 garbage-first heap   total 8192K, used 2048K [0x0000000705200000, 0x0000000800000000)
  region size 2048K, 1 young (2048K), 0 survivors (0K)
 Metaspace       used 1611K, committed 1792K, reserved 1114112K
  class space    used 193K, committed 256K, reserved 1048576K
}
Event: 0.127 GC heap after
{Heap after GC invocations=1 (full 0):
 garbage-first heap   total 8192K, used 1120K [0x0000000705200000, 0x0000000800000000)
  region size 2048K, 1 young (2048K), 1 survivors (2048K)
 Metaspace       used 1611K, committed 1792K, reserved 1114112K
  class space    used 193K, committed 256K, reserved 1048576K
}
Event: 0.208 GC heap before
{Heap before GC invocations=1 (full 0):
 garbage-first heap   total 8192K, used 1120K [0x0000000705200000, 0x0000000800000000)
  region size 2048K, 2 young (4096K), 1 survivors (2048K)
 Metaspace       used 5064K, committed 5248K, reserved 1114112K
  class space    used 622K, committed 704K, reserved 1048576K
}
Event: 0.211 GC heap after
{Heap after GC invocations=2 (full 0):
 garbage-first heap   total 8192K, used 1779K [0x0000000705200000, 0x0000000800000000)
  region size 2048K, 1 young (2048K), 1 survivors (2048K)
 Metaspace       used 5064K, committed 5248K, reserved 1114112K
  class space    used 622K, committed 704K, reserved 1048576K
}
Event: 0.262 GC heap before
{Heap before GC invocations=2 (full 0):
 garbage-first heap   total 8192K, used 1779K [0x0000000705200000, 0x0000000800000000)
  region size 2048K, 2 young (4096K), 1 survivors (2048K)
 Metaspace       used 6905K, committed 7104K, reserved 1114112K
  class space    used 828K, committed 896K, reserved 1048576K
}
Event: 0.265 GC heap after
{Heap after GC invocations=3 (full 0):
 garbage-first heap   total 8192K, used 2994K [0x0000000705200000, 0x0000000800000000)
  region size 2048K, 1 young (2048K), 1 survivors (2048K)
 Metaspace       used 6905K, committed 7104K, reserved 1114112K
  class space    used 828K, committed 896K, reserved 1048576K
}
Event: 0.314 GC heap before
{Heap before GC invocations=3 (full 0):
 garbage-first heap   total 8192K, used 2994K [0x0000000705200000, 0x0000000800000000)
  region size 2048K, 2 young (4096K), 1 survivors (2048K)
 Metaspace       used 7777K, committed 7936K, reserved 1114112K
  class space    used 904K, committed 960K, reserved 1048576K
}
Event: 0.316 GC heap after
{Heap after GC invocations=4 (full 0):
 garbage-first heap   total 10240K, used 3888K [0x0000000705200000, 0x0000000800000000)
  region size 2048K, 1 young (2048K), 1 survivors (2048K)
 Metaspace       used 7777K, committed 7936K, reserved 1114112K
  class space    used 904K, committed 960K, reserved 1048576K
}
Event: 0.350 GC heap before
{Heap before GC invocations=4 (full 0):
 garbage-first heap   total 10240K, used 3888K [0x0000000705200000, 0x0000000800000000)
  region size 2048K, 2 young (4096K), 1 survivors (2048K)
 Metaspace       used 8219K, committed 8384K, reserved 1114112K
  class space    used 963K, committed 1024K, reserved 1048576K
}
Event: 0.351 GC heap after
{Heap after GC invocations=5 (full 0):
 garbage-first heap   total 14336K, used 4995K [0x0000000705200000, 0x0000000800000000)
  region size 2048K, 1 young (2048K), 1 survivors (2048K)
 Metaspace       used 8219K, committed 8384K, reserved 1114112K
  class space    used 963K, committed 1024K, reserved 1048576K
}
Event: 0.361 GC heap before
{Heap before GC invocations=5 (full 0):
 garbage-first heap   total 14336K, used 7043K [0x0000000705200000, 0x0000000800000000)
  region size 2048K, 2 young (4096K), 1 survivors (2048K)
 Metaspace       used 8225K, committed 8384K, reserved 1114112K
  class space    used 963K, committed 1024K, reserved 1048576K
}
Event: 0.364 GC heap after
{Heap after GC invocations=6 (full 0):
 garbage-first heap   total 14336K, used 6206K [0x0000000705200000, 0x0000000800000000)
  region size 2048K, 1 young (2048K), 1 survivors (2048K)
 Metaspace       used 8225K, committed 8384K, reserved 1114112K
  class space    used 963K, committed 1024K, reserved 1048576K
}
Event: 0.372 GC heap before
{Heap before GC invocations=6 (full 0):
 garbage-first heap   total 14336K, used 6206K [0x0000000705200000, 0x0000000800000000)
  region size 2048K, 2 young (4096K), 1 survivors (2048K)
 Metaspace       used 8249K, committed 8448K, reserved 1114112K
  class space    used 965K, committed 1088K, reserved 1048576K
}
Event: 0.373 GC heap after
{Heap after GC invocations=7 (full 0):
 garbage-first heap   total 14336K, used 6458K [0x0000000705200000, 0x0000000800000000)
  region size 2048K, 1 young (2048K), 1 survivors (2048K)
 Metaspace       used 8249K, committed 8448K, reserved 1114112K
  class space    used 965K, committed 1088K, reserved 1048576K
}
Event: 0.393 GC heap before
{Heap before GC invocations=7 (full 0):
 garbage-first heap   total 14336K, used 6458K [0x0000000705200000, 0x0000000800000000)
  region size 2048K, 2 young (4096K), 1 survivors (2048K)
 Metaspace       used 8468K, committed 8704K, reserved 1114112K
  class space    used 995K, committed 1088K, reserved 1048576K
}
Event: 0.395 GC heap after
{Heap after GC invocations=8 (full 0):
 garbage-first heap   total 14336K, used 6723K [0x0000000705200000, 0x0000000800000000)
  region size 2048K, 1 young (2048K), 1 survivors (2048K)
 Metaspace       used 8468K, committed 8704K, reserved 1114112K
  class space    used 995K, committed 1088K, reserved 1048576K
}
Event: 0.441 GC heap before
{Heap before GC invocations=8 (full 0):
 garbage-first heap   total 14336K, used 6723K [0x0000000705200000, 0x0000000800000000)
  region size 2048K, 2 young (4096K), 1 survivors (2048K)
 Metaspace       used 8653K, committed 8832K, reserved 1114112K
  class space    used 1010K, committed 1088K, reserved 1048576K
}
Event: 0.443 GC heap after
{Heap after GC invocations=9 (full 0):
 garbage-first heap   total 28672K, used 7032K [0x0000000705200000, 0x0000000800000000)
  region size 2048K, 1 young (2048K), 1 survivors (2048K)
 Metaspace       used 8653K, committed 8832K, reserved 1114112K
  class space    used 1010K, committed 1088K, reserved 1048576K
}
Event: 0.520 GC heap before
{Heap before GC invocations=9 (full 0):
 garbage-first heap   total 28672K, used 15224K [0x0000000705200000, 0x0000000800000000)
  region size 2048K, 5 young (10240K), 1 survivors (2048K)
 Metaspace       used 9019K, committed 9152K, reserved 1114112K
  class space    used 1049K, committed 1088K, reserved 1048576K
}
Event: 0.522 GC heap after
{Heap after GC invocations=10 (full 0):
 garbage-first heap   total 28672K, used 8453K [0x0000000705200000, 0x0000000800000000)
  region size 2048K, 1 young (2048K), 1 survivors (2048K)
 Metaspace       used 9019K, committed 9152K, reserved 1114112K
  class space    used 1049K, committed 1088K, reserved 1048576K
}

